Log file open, 08/20/18 21:01:13
LogWindows: Failed to load 'aqProf.dll' (GetLastError=126)
LogWindows: File 'aqProf.dll' does not exist
LogWindows: Failed to load 'VSPerf140.dll' (GetLastError=126)
LogWindows: File 'VSPerf140.dll' does not exist
LogWindows: Failed to load 'VtuneApi.dll' (GetLastError=126)
LogWindows: File 'VtuneApi.dll' does not exist
LogWindows: Failed to load 'VtuneApi32e.dll' (GetLastError=126)
LogWindows: File 'VtuneApi32e.dll' does not exist
LogInit: Display: Running engine for game: BsLegend
LogPlatformFile: Not using cached read wrapper
LogTaskGraph: Started task graph with 5 named threads and 20 total threads with 3 sets of task threads.
LogStats: Stats thread started at 0.226355
LogD3D11RHI: Loaded GFSDK_Aftermath_Lib.x64.dll
LogICUInternationalization: Display: ICU TimeZone Detection - Raw Offset: +1:00, Platform Override: ''
LogPluginManager: Mounting plugin Paper2D
LogPluginManager: Mounting plugin AISupport
LogPluginManager: Mounting plugin LightPropagationVolume
LogPluginManager: Mounting plugin CLionSourceCodeAccess
LogPluginManager: Mounting plugin CodeLiteSourceCodeAccess
LogPluginManager: Mounting plugin GitSourceControl
LogPluginManager: Mounting plugin KDevelopSourceCodeAccess
LogPluginManager: Mounting plugin NullSourceCodeAccess
LogPluginManager: Mounting plugin PerforceSourceControl
LogPluginManager: Mounting plugin SubversionSourceControl
LogPluginManager: Mounting plugin UObjectPlugin
LogPluginManager: Mounting plugin VisualStudioCodeSourceCodeAccess
LogPluginManager: Mounting plugin VisualStudioSourceCodeAccess
LogPluginManager: Mounting plugin XCodeSourceCodeAccess
LogPluginManager: Mounting plugin AssetManagerEditor
LogPluginManager: Mounting plugin CryptoKeys
LogPluginManager: Mounting plugin DataValidation
LogPluginManager: Mounting plugin FacialAnimation
LogPluginManager: Mounting plugin GameplayTagsEditor
LogPluginManager: Mounting plugin MacGraphicsSwitching
LogPluginManager: Mounting plugin MeshEditor
LogPluginManager: Mounting plugin MobileLauncherProfileWizard
LogPluginManager: Mounting plugin PluginBrowser
LogPluginManager: Mounting plugin SpeedTreeImporter
LogPluginManager: Mounting plugin DatasmithContent
LogPluginManager: Mounting plugin AlembicImporter
LogPluginManager: Mounting plugin AppleImageUtils
LogPluginManager: Mounting plugin AppleVision
LogPluginManager: Mounting plugin BackChannel
LogPluginManager: Mounting plugin CharacterAI
LogPluginManager: Mounting plugin GeometryCache
LogPluginManager: Mounting plugin HTML5Networking
LogPluginManager: Mounting plugin ProxyLODPlugin
LogPluginManager: Mounting plugin MagicLeap
LogPluginManager: Mounting plugin MagicLeapEmulator
LogPluginManager: Mounting plugin MagicLeapMedia
LogPluginManager: Mounting plugin AndroidMedia
LogPluginManager: Mounting plugin AvfMedia
LogPluginManager: Mounting plugin ImgMedia
LogPluginManager: Mounting plugin LinearTimecode
LogPluginManager: Mounting plugin MediaCompositing
LogPluginManager: Mounting plugin MediaPlayerEditor
LogPluginManager: Mounting plugin WmfMedia
LogPluginManager: Mounting plugin TcpMessaging
LogPluginManager: Mounting plugin UdpMessaging
LogPluginManager: Mounting plugin ActorSequence
LogPluginManager: Mounting plugin LevelSequenceEditor
LogPluginManager: Mounting plugin MatineeToLevelSequence
LogPluginManager: Mounting plugin NetcodeUnitTest
LogPluginManager: Mounting plugin NUTUnrealEngine4
LogPluginManager: Mounting plugin OnlineSubsystemGooglePlay
LogPluginManager: Mounting plugin OnlineSubsystemIOS
LogPluginManager: Mounting plugin OnlineSubsystem
LogPluginManager: Mounting plugin OnlineSubsystemNull
LogPluginManager: Mounting plugin OnlineSubsystemUtils
LogPluginManager: Mounting plugin LauncherChunkInstaller
LogPluginManager: Mounting plugin AndroidDeviceProfileSelector
LogPluginManager: Mounting plugin AndroidMoviePlayer
LogPluginManager: Mounting plugin AndroidPermission
LogPluginManager: Mounting plugin AppleMoviePlayer
LogPluginManager: Mounting plugin ArchVisCharacter
LogPluginManager: Mounting plugin AudioCapture
LogPluginManager: Mounting plugin CableComponent
LogPluginManager: Mounting plugin CustomMeshComponent
LogPluginManager: Mounting plugin EditableMesh
LogPluginManager: Mounting plugin ExampleDeviceProfileSelector
LogPluginManager: Mounting plugin GoogleCloudMessaging
LogPluginManager: Mounting plugin ImmediatePhysics
LogPluginManager: Mounting plugin IOSDeviceProfileSelector
LogPluginManager: Mounting plugin LinuxDeviceProfileSelector
LogPluginManager: Mounting plugin LocationServicesBPLibrary
LogPluginManager: Mounting plugin MobilePatchingUtils
LogPluginManager: Mounting plugin OculusVR
LogPluginManager: Plugin shader directory ../../../Engine/Plugins/Runtime/Oculus/OculusVR/Shaders found
LogPluginManager: Mapping shader source directory ../../../Engine/Plugins/Runtime/Oculus/OculusVR/Shaders to virtual directory /Plugin/OculusVR
LogPluginManager: Mounting plugin PhysXVehicles
LogPluginManager: Mounting plugin ProceduralMeshComponent
LogPluginManager: Mounting plugin RuntimePhysXCooking
LogPluginManager: Mounting plugin SteamVR
LogPluginManager: Mounting plugin WindowsMoviePlayer
LogStreaming: Display: Took  0.255s to configure plugins.
LogInit: Using libcurl 7.55.1-DEV
LogInit:  - built for x86_64-pc-win32
LogInit:  - supports SSL with OpenSSL/1.0.2h
LogInit:  - supports HTTP deflate (compression) using libz 1.2.8
LogInit:  - other features:
LogInit:      CURL_VERSION_SSL
LogInit:      CURL_VERSION_LIBZ
LogInit:      CURL_VERSION_IPV6
LogInit:      CURL_VERSION_ASYNCHDNS
LogInit:      CURL_VERSION_LARGEFILE
LogInit:      CURL_VERSION_IDN
LogInit:  CurlRequestOptions (configurable via config and command line):
LogInit:  - bVerifyPeer = false  - Libcurl will NOT verify peer certificate
LogInit:  - bUseHttpProxy = false  - Libcurl will NOT use HTTP proxy
LogInit:  - bDontReuseConnections = false  - Libcurl will reuse connections
LogInit:  - CertBundlePath = nullptr  - Libcurl will use whatever was configured at build time.
LogInit:  - MaxHostConnections = 16  - Libcurl will limit the number of connections to a host
LogInit:  - LocalHostAddr = Default
LogInit:  - BufferSize = 65536
LogInit: WinSock: version 1.1 (2.2), MaxSocks=32767, MaxUdp=65467
LogInit: Build: ++UE4+Release-4.20-CL-4233996
LogInit: Engine Version: 4.20.1-4233996+++UE4+Release-4.20
LogInit: Compatible Engine Version: 4.20.0-4212847+++UE4+Release-4.20
LogInit: Net CL: 4212847
LogInit: OS: Windows 10 (), CPU: Intel(R) Core(TM) i5-8600K CPU @ 3.60GHz, GPU: NVIDIA GeForce GTX 1060 6GB
LogInit: Compiled (64-bit): Jul 26 2018 10:07:30
LogInit: Compiled with Visual C++: 19.13.26129.00
LogInit: Build Configuration: Development
LogInit: Branch Name: ++UE4+Release-4.20
LogInit: Command Line: 
LogInit: Base Directory: D:/Unreal_Engine/UE_4.20/Engine/Binaries/Win64/
LogInit: Installed Engine Build: 1
LogDevObjectVersion: Number of dev versions registered: 20
LogDevObjectVersion:   Dev-Blueprints (B0D832E4-1F89-4F0D-ACCF-7EB736FD4AA2): 10
LogDevObjectVersion:   Dev-Build (E1C64328-A22C-4D53-A36C-8E866417BD8C): 0
LogDevObjectVersion:   Dev-Core (375EC13C-06E4-48FB-B500-84F0262A717E): 2
LogDevObjectVersion:   Dev-Editor (E4B068ED-F494-42E9-A231-DA0B2E46BB41): 24
LogDevObjectVersion:   Dev-Framework (CFFC743F-43B0-4480-9391-14DF171D2073): 34
LogDevObjectVersion:   Dev-Mobile (B02B49B5-BB20-44E9-A304-32B752E40360): 2
LogDevObjectVersion:   Dev-Networking (A4E4105C-59A1-49B5-A7C5-40C4547EDFEE): 0
LogDevObjectVersion:   Dev-Online (39C831C9-5AE6-47DC-9A44-9C173E1C8E7C): 0
LogDevObjectVersion:   Dev-Physics (78F01B33-EBEA-4F98-B9B4-84EACCB95AA2): 0
LogDevObjectVersion:   Dev-Platform (6631380F-2D4D-43E0-8009-CF276956A95A): 0
LogDevObjectVersion:   Dev-Rendering (12F88B9F-8875-4AFC-A67C-D90C383ABD29): 26
LogDevObjectVersion:   Dev-Sequencer (7B5AE74C-D270-4C10-A958-57980B212A5A): 9
LogDevObjectVersion:   Dev-VR (D7296918-1DD6-4BDD-9DE2-64A83CC13884): 2
LogDevObjectVersion:   Dev-LoadTimes (C2A15278-BFE7-4AFE-6C17-90FF531DF755): 1
LogDevObjectVersion:   Private-Geometry (6EACA3D4-40EC-4CC1-B786-8BED09428FC5): 3
LogDevObjectVersion:   Dev-AnimPhys (29E575DD-E0A3-4627-9D10-D276232CDCEA): 17
LogDevObjectVersion:   Dev-ReflectionCapture (6B266CEC-1EC7-4B8F-A30B-E4D90942FC07): 1
LogDevObjectVersion:   Dev-Automation (0DF73D61-A23F-47EA-B727-89E90C41499A): 1
LogDevObjectVersion:   FortniteMain (601D1886-AC64-4F84-AA16-D3DE0DEAC7D6): 12
LogDevObjectVersion:   Dev-Enterprise (9DFFBCD6-494F-0158-E221-12823C92A888): 1
LogStreaming: Display: Took  0.000s to delete old logs.
LogInit: Presizing for max 8388607 objects, including 0 objects not considered by GC, pre-allocating 0 bytes for permanent pool.
LogInit: Object subsystem initialized
[2018.08.20-19.01.13:637][  0]LogInit: Selected Device Profile: [Windows]
[2018.08.20-19.01.13:637][  0]LogInit: Applying CVar settings loaded from the selected device profile: [Windows]
[2018.08.20-19.01.13:653][  0]LogHAL: Display: Platform has ~ 8 GB [8516587520 / 8589934592 / 8], which maps to Default [LargestMinGB=32, LargerMinGB=12, DefaultMinGB=8, SmallerMinGB=6, SmallestMinGB=0)
[2018.08.20-19.01.13:653][  0]LogInit: Setting Device Profile CVar: [[r.Vulkan.UseRealUBs:1]]
[2018.08.20-19.01.13:653][  0]LogInit: Going up to parent DeviceProfile []
[2018.08.20-19.01.13:654][  0]LogInit: Computer: DESKTOP-87QP7AL
[2018.08.20-19.01.13:654][  0]LogInit: User: User
[2018.08.20-19.01.13:654][  0]LogInit: CPU Page size=4096, Cores=6
[2018.08.20-19.01.13:654][  0]LogInit: High frequency timer resolution =3.515630 MHz
[2018.08.20-19.01.13:654][  0]LogMemory: Memory total: Physical=7.9GB (8GB approx)
[2018.08.20-19.01.13:654][  0]LogMemory: Platform Memory Stats for Windows
[2018.08.20-19.01.13:654][  0]LogMemory: Process Physical Memory: 100.31 MB used, 100.31 MB peak
[2018.08.20-19.01.13:654][  0]LogMemory: Process Virtual Memory: 84.82 MB used, 84.82 MB peak
[2018.08.20-19.01.13:654][  0]LogMemory: Physical Memory: 3442.44 MB used,  4679.61 MB free, 8122.05 MB total
[2018.08.20-19.01.13:654][  0]LogMemory: Virtual Memory: 4634.69 MB used,  4679.61 MB free, 134217728.00 MB total
[2018.08.20-19.01.13:666][  0]LogInit: Using OS detected language (fr-FR).
[2018.08.20-19.01.13:666][  0]LogInit: Using OS detected locale (fr-FR).
[2018.08.20-19.01.13:666][  0]LogTextLocalizationManager: No specific localization for 'fr-FR' exists, so the 'fr' localization will be used.
[2018.08.20-19.01.13:668][  0]LogStreaming: Display: Took  0.002s to InitEngineTextLocalization.
[2018.08.20-19.01.13:668][  0]LogInit: Setting process to per monitor DPI aware
[2018.08.20-19.01.13:689][  0]LogSlate: New Slate User Created.  User Index 0, Is Virtual User: 0
[2018.08.20-19.01.13:689][  0]LogSlate: Slate User Registered.  User Index 0, Is Virtual User: 0
[2018.08.20-19.01.13:820][  0]LogHMD: Failed to initialize OpenVR with code 110
[2018.08.20-19.01.13:820][  0]LogD3D11RHI: D3D11 adapters:
[2018.08.20-19.01.13:876][  0]LogD3D11RHI:    0. 'NVIDIA GeForce GTX 1060 6GB' (Feature Level 11_0)
[2018.08.20-19.01.13:876][  0]LogD3D11RHI:       6052/0/4061 MB DedicatedVideo/DedicatedSystem/SharedSystem, Outputs:1, VendorId:0x10de
[2018.08.20-19.01.13:877][  0]LogD3D11RHI:    1. 'Microsoft Basic Render Driver' (Feature Level 11_0)
[2018.08.20-19.01.13:877][  0]LogD3D11RHI:       0/0/4061 MB DedicatedVideo/DedicatedSystem/SharedSystem, Outputs:0, VendorId:0x1414
[2018.08.20-19.01.13:877][  0]LogD3D11RHI: Chosen D3D11 Adapter: 0
[2018.08.20-19.01.13:882][  0]LogD3D11RHI: Creating new Direct3DDevice
[2018.08.20-19.01.13:882][  0]LogD3D11RHI:     GPU DeviceId: 0x1c03 (for the marketing name, search the web for "GPU Device Id")
[2018.08.20-19.01.13:882][  0]LogWindows: EnumDisplayDevices:
[2018.08.20-19.01.13:882][  0]LogWindows:    0. 'NVIDIA GeForce GTX 1060 6GB' (P:1 D:1)
[2018.08.20-19.01.13:882][  0]LogWindows:    1. 'NVIDIA GeForce GTX 1060 6GB' (P:0 D:0)
[2018.08.20-19.01.13:882][  0]LogWindows:    2. 'NVIDIA GeForce GTX 1060 6GB' (P:0 D:0)
[2018.08.20-19.01.13:883][  0]LogWindows:    3. 'NVIDIA GeForce GTX 1060 6GB' (P:0 D:0)
[2018.08.20-19.01.13:883][  0]LogWindows: DebugString: FoundDriverCount:4 
[2018.08.20-19.01.13:883][  0]LogD3D11RHI:     Adapter Name: NVIDIA GeForce GTX 1060 6GB
[2018.08.20-19.01.13:883][  0]LogD3D11RHI:   Driver Version: 397.64 (internal:24.21.13.9764, unified:397.64)
[2018.08.20-19.01.13:883][  0]LogD3D11RHI:      Driver Date: 5-7-2018
[2018.08.20-19.01.13:883][  0]LogRHI: Texture pool is 4236 MB (70% of 6052 MB)
[2018.08.20-19.01.13:915][  0]LogD3D11RHI: Async texture creation enabled
[2018.08.20-19.01.13:936][  0]LogD3D11RHI: GPU Timing Frequency: 1000.000000 (Debug: 2 2)
[2018.08.20-19.01.13:984][  0]LogShaderCompilers: Guid format shader working directory is 8 characters bigger than the processId version (../../../../BlackScroll/BSLegend 4.20/Intermediate/Shaders/WorkingDirectory/8392/).
[2018.08.20-19.01.13:984][  0]LogShaderCompilers: Cleaned the shader compiler working directory 'C:/Users/User/AppData/Local/Temp/UnrealShaderWorkingDir/CC38C76643377430A139968A1B3F0072/'.
[2018.08.20-19.01.14:183][  0]LogTemp: Display: Loaded TP AllDesktopTargetPlatform
[2018.08.20-19.01.14:193][  0]LogTemp: Display: Loaded TP MacClientTargetPlatform
[2018.08.20-19.01.14:203][  0]LogTemp: Display: Loaded TP MacNoEditorTargetPlatform
[2018.08.20-19.01.14:212][  0]LogTemp: Display: Loaded TP MacServerTargetPlatform
[2018.08.20-19.01.14:222][  0]LogTemp: Display: Loaded TP MacTargetPlatform
[2018.08.20-19.01.14:232][  0]LogTemp: Display: Loaded TP WindowsClientTargetPlatform
[2018.08.20-19.01.14:242][  0]LogTemp: Display: Loaded TP WindowsNoEditorTargetPlatform
[2018.08.20-19.01.14:252][  0]LogTemp: Display: Loaded TP WindowsServerTargetPlatform
[2018.08.20-19.01.14:257][  0]LogTemp: Display: Loaded TP WindowsTargetPlatform
[2018.08.20-19.01.14:320][  0]LogTemp: Display: Loaded TP AndroidTargetPlatform
[2018.08.20-19.01.14:320][  0]LogTemp: Display: Loaded TP AndroidTargetPlatform
[2018.08.20-19.01.14:320][  0]LogTemp: Display: Loaded TP AndroidTargetPlatform
[2018.08.20-19.01.14:320][  0]LogTemp: Display: Loaded TP AndroidTargetPlatform
[2018.08.20-19.01.14:320][  0]LogTemp: Display: Loaded TP AndroidTargetPlatform
[2018.08.20-19.01.14:320][  0]LogTemp: Display: Loaded TP AndroidTargetPlatform
[2018.08.20-19.01.14:320][  0]LogTemp: Display: Loaded TP AndroidTargetPlatform
[2018.08.20-19.01.14:320][  0]LogTemp: Display: Loaded TP AndroidTargetPlatform
[2018.08.20-19.01.14:320][  0]LogTemp: Display: Loaded TP AndroidTargetPlatform
[2018.08.20-19.01.14:320][  0]LogTemp: Display: Loaded TP AndroidTargetPlatform
[2018.08.20-19.01.14:320][  0]LogTemp: Display: Loaded TP AndroidTargetPlatform
[2018.08.20-19.01.14:320][  0]LogTemp: Display: Loaded TP AndroidTargetPlatform
[2018.08.20-19.01.14:320][  0]LogTemp: Display: Loaded TP AndroidTargetPlatform
[2018.08.20-19.01.14:320][  0]LogTemp: Display: Loaded TP AndroidTargetPlatform
[2018.08.20-19.01.14:320][  0]LogTemp: Display: Loaded TP AndroidTargetPlatform
[2018.08.20-19.01.14:320][  0]LogTemp: Display: Loaded TP AndroidTargetPlatform
[2018.08.20-19.01.14:320][  0]LogTemp: Display: Loaded TP AndroidTargetPlatform
[2018.08.20-19.01.14:320][  0]LogTemp: Display: Loaded TP AndroidTargetPlatform
[2018.08.20-19.01.14:321][  0]LogTemp: Display: Loaded TP HTML5TargetPlatform
[2018.08.20-19.01.14:374][  0]LogTemp: Display: Loaded TP IOSTargetPlatform
[2018.08.20-19.01.14:374][  0]LogTemp: Display: Loaded TP IOSTargetPlatform
[2018.08.20-19.01.14:393][  0]LogTemp: Display: Loaded TP TVOSTargetPlatform
[2018.08.20-19.01.14:393][  0]LogTemp: Display: Loaded TP TVOSTargetPlatform
[2018.08.20-19.01.14:402][  0]LogTemp: Display: Loaded TP LinuxClientTargetPlatform
[2018.08.20-19.01.14:412][  0]LogTemp: Display: Loaded TP LinuxNoEditorTargetPlatform
[2018.08.20-19.01.14:421][  0]LogTemp: Display: Loaded TP LinuxServerTargetPlatform
[2018.08.20-19.01.14:431][  0]LogTemp: Display: Loaded TP LinuxTargetPlatform
[2018.08.20-19.01.14:438][  0]LogTemp: Display: Loaded TP LuminTargetPlatform
[2018.08.20-19.01.14:438][  0]LogTargetPlatformManager: Display: Building Assets For Windows
[2018.08.20-19.01.14:472][  0]LogXGEController: Cannot use XGE Controller as Incredibuild is not installed on this machine.
[2018.08.20-19.01.14:472][  0]LogShaderCompilers: Cannot use XGE Shader Compiler as Incredibuild is not installed on this machine.
[2018.08.20-19.01.14:472][  0]LogShaderCompilers: Display: Using Local Shader Compiler.
[2018.08.20-19.01.15:001][  0]LogDerivedDataCache: Display: Max Cache Size: 512 MB
[2018.08.20-19.01.15:051][  0]LogDerivedDataCache: Loaded boot cache 0.05s 71MB C:/Users/User/AppData/Local/UnrealEngine/4.20/DerivedDataCache/Boot.ddc.
[2018.08.20-19.01.15:052][  0]LogDerivedDataCache: Display: Loaded Boot cache: C:/Users/User/AppData/Local/UnrealEngine/4.20/DerivedDataCache/Boot.ddc
[2018.08.20-19.01.15:052][  0]LogDerivedDataCache: FDerivedDataBackendGraph:  Pak pak cache file ../../../../BlackScroll/BSLegend 4.20/DerivedDataCache/DDC.ddp not found, will not use a pak cache.
[2018.08.20-19.01.15:052][  0]LogDerivedDataCache: Unable to find inner node Pak for hierarchical cache Hierarchy.
[2018.08.20-19.01.15:052][  0]LogDerivedDataCache: FDerivedDataBackendGraph:  CompressedPak pak cache file ../../../../BlackScroll/BSLegend 4.20/DerivedDataCache/Compressed.ddp not found, will not use a pak cache.
[2018.08.20-19.01.15:052][  0]LogDerivedDataCache: Unable to find inner node CompressedPak for hierarchical cache Hierarchy.
[2018.08.20-19.01.15:062][  0]LogDerivedDataCache: Display: Pak cache opened for reading ../../../Engine/DerivedDataCache/Compressed.ddp.
[2018.08.20-19.01.15:073][  0]LogDerivedDataCache: Using Local data cache path C:/Users/User/AppData/Local/UnrealEngine/Common/DerivedDataCache: Writable
[2018.08.20-19.01.15:073][  0]LogDerivedDataCache: Shared data cache path not found in *engine.ini, will not use an Shared cache.
[2018.08.20-19.01.15:073][  0]LogDerivedDataCache: Unable to find inner node Shared for hierarchical cache Hierarchy.
[2018.08.20-19.01.15:087][  0]LogMaterial: Verifying Global Shaders for PCD3D_SM5
[2018.08.20-19.01.15:088][  0]LogSlate: Using FreeType 2.6.0
[2018.08.20-19.01.15:089][  0]LogSlate: SlateFontServices - WITH_FREETYPE: 1, WITH_HARFBUZZ: 1
[2018.08.20-19.01.15:149][  0]LogAssetRegistry: FAssetRegistry took 0.0252 seconds to start up
[2018.08.20-19.01.15:380][  0]LogInit: Selected Device Profile: [Windows]
[2018.08.20-19.01.15:419][  0]LogSimplygon: Simplygon DLL not present - disabling.
[2018.08.20-19.01.15:421][  0]LogMeshReduction: Using SimplygonSwarm for distributed automatic mesh merging
[2018.08.20-19.01.15:421][  0]LogMeshReduction: Using ProxyLODMeshReduction for automatic mesh merging
[2018.08.20-19.01.15:421][  0]LogMeshReduction: Using QuadricMeshReduction for automatic static mesh reduction
[2018.08.20-19.01.15:421][  0]LogMeshReduction: No automatic skeletal mesh reduction module available
[2018.08.20-19.01.15:493][  0]LogNetVersion: BsLegend 1.0.0, NetCL: 4212847, EngineNetVer: 5, GameNetVer: 0 (Checksum: 4205588354)
[2018.08.20-19.01.15:901][  0]LogPackageLocalizationCache: Processed 11 localized package path(s) for 2 prioritized culture(s) in 0.099192 seconds
[2018.08.20-19.01.15:907][  0]LogUObjectArray: 38425 objects as part of root set at end of initial load.
[2018.08.20-19.01.15:907][  0]LogUObjectAllocator: 6690872 out of 0 bytes used by permanent object pool.
[2018.08.20-19.01.15:907][  0]LogUObjectArray: CloseDisregardForGC: 0/0 objects in disregard for GC pool
[2018.08.20-19.01.16:522][  0]LogTcpMessaging: Initializing TcpMessaging bridge
[2018.08.20-19.01.16:535][  0]LogUdpMessaging: Initializing bridge on interface 0.0.0.0:0 to multicast group 230.0.0.1:6666.
[2018.08.20-19.01.16:649][  0]SourceControl: Source control is disabled
[2018.08.20-19.01.16:649][  0]SourceControl: Source control is disabled
[2018.08.20-19.01.16:650][  0]SourceControl: Source control is disabled
[2018.08.20-19.01.16:651][  0]SourceControl: Source control is disabled
[2018.08.20-19.01.16:789][  0]LogAndroidPermission: UAndroidPermissionCallbackProxy::GetInstance
[2018.08.20-19.01.16:829][  0]LogOcInput: OculusInput pre-init called
[2018.08.20-19.01.16:874][  0]LogEngine: Initializing Engine...
[2018.08.20-19.01.16:875][  0]LogHMD: Failed to initialize OpenVR with code 110
[2018.08.20-19.01.16:876][  0]LogStats: UGameplayTagsManager::ConstructGameplayTagTree: ImportINI prefixes -  0.000 s
[2018.08.20-19.01.16:876][  0]LogStats: UGameplayTagsManager::ConstructGameplayTagTree: Construct from data asset -  0.000 s
[2018.08.20-19.01.16:876][  0]LogStats: UGameplayTagsManager::ConstructGameplayTagTree: ImportINI -  0.000 s
[2018.08.20-19.01.16:876][  0]LogStats: UGameplayTagsManager::ConstructGameplayTagTree: GameplayTagTreeChangedEvent.Broadcast -  0.000 s
[2018.08.20-19.01.17:036][  0]LogInit: Initializing FReadOnlyCVARCache
[2018.08.20-19.01.17:045][  0]LogAIModule: Creating AISystem for world Untitled
[2018.08.20-19.01.17:054][  0]LogInit: XAudio2 using 'PLG2488H (NVIDIA High Definition Audio)' : 2 channels at 48 kHz using 16 bits per sample (channel mask 0x3)
[2018.08.20-19.01.17:064][  0]LogInit: FAudioDevice initialized.
[2018.08.20-19.01.17:064][  0]LogNetVersion: Set ProjectVersion to 1.0.0.0. Version Checksum will be recalculated on next use.
[2018.08.20-19.01.17:134][  0]LogDerivedDataCache: Saved boot cache 0.07s 71MB C:/Users/User/AppData/Local/UnrealEngine/4.20/DerivedDataCache/Boot.ddc.
[2018.08.20-19.01.17:147][  0]LogInit: Texture streaming: Enabled
[2018.08.20-19.01.17:156][  0]LogEngineSessionManager: EngineSessionManager initialized
[2018.08.20-19.01.17:163][  0]LogInit: Transaction tracking system initialized
[2018.08.20-19.01.17:175][  0]BlueprintLog: New page: Editor Load
[2018.08.20-19.01.17:214][  0]LocalizationService: Localization service is disabled
[2018.08.20-19.01.17:456][  0]LogCook: Display: Max memory allowance for cook 16384mb min free memory 0mb
[2018.08.20-19.01.17:456][  0]LogCook: Display: Mobile HDR setting 1
[2018.08.20-19.01.17:456][  0]LogGameplayTags: Display: UGameplayTagsManager::DoneAddingNativeTags. DelegateIsBound: 0
[2018.08.20-19.01.17:456][  0]LogStats: UGameplayTagsManager::ConstructGameplayTagTree: ImportINI prefixes -  0.000 s
[2018.08.20-19.01.17:456][  0]LogStats: UGameplayTagsManager::ConstructGameplayTagTree: Construct from data asset -  0.000 s
[2018.08.20-19.01.17:456][  0]LogStats: UGameplayTagsManager::ConstructGameplayTagTree: ImportINI -  0.000 s
[2018.08.20-19.01.17:456][  0]LogStats: UGameplayTagsManager::ConstructGameplayTagTree: GameplayTagTreeChangedEvent.Broadcast -  0.000 s
[2018.08.20-19.01.17:528][  0]LogFileCache: Scanning file cache for directory 'D:/Unreal_Engine/BlackScroll/BSLegend 4.20/Content/' took 0.02s
[2018.08.20-19.01.17:528][  0]SourceControl: Source control is disabled
[2018.08.20-19.01.17:528][  0]Cmd: MAP LOAD FILE="../../../../BlackScroll/BSLegend 4.20/Content/ThirdPersonBP/Maps/ThirdPersonExampleMap.umap" TEMPLATE=0 SHOWPROGRESS=1 FEATURELEVEL=3
[2018.08.20-19.01.17:566][  0]LightingResults: New page: Lighting Build
[2018.08.20-19.01.17:568][  0]MapCheck: New page: Map Check
[2018.08.20-19.01.17:568][  0]LightingResults: New page: Lighting Build
[2018.08.20-19.01.18:444][  0]LogAIModule: Creating AISystem for world ThirdPersonExampleMap
[2018.08.20-19.01.18:448][  0]LogEditorServer: Finished looking for orphan Actors (0.000 secs)
[2018.08.20-19.01.18:467][  0]Cmd: MAP CHECKDEP NOCLEARLOG
[2018.08.20-19.01.18:502][  0]MapCheck: Map check complete: 0 Error(s), 0 Warning(s), took 35,976ms to complete.
[2018.08.20-19.01.18:502][  0]LogFileHelpers: Loading map 'ThirdPersonExampleMap' took 0.975
[2018.08.20-19.01.18:689][  0]LogSlate: Updating window title bar state: overlay mode, drag disabled, window buttons hidden, title bar hidden
[2018.08.20-19.01.18:695][  0]LogSlate: Updating window title bar state: overlay mode, drag disabled, window buttons hidden, title bar hidden
[2018.08.20-19.01.18:701][  0]LogSlate: Updating window title bar state: overlay mode, drag disabled, window buttons hidden, title bar hidden
[2018.08.20-19.01.18:706][  0]LogSlate: Updating window title bar state: overlay mode, drag disabled, window buttons hidden, title bar hidden
[2018.08.20-19.01.18:720][  0]LogCollectionManager: Loaded 0 collections in 0.001076 seconds
[2018.08.20-19.01.18:759][  0]LogFileCache: Scanning file cache for directory 'D:/Unreal_Engine/BlackScroll/BSLegend 4.20/Saved/Collections/' took 0.01s
[2018.08.20-19.01.18:759][  0]LogFileCache: Scanning file cache for directory 'D:/Unreal_Engine/BlackScroll/BSLegend 4.20/Content/Developers/User/Collections/' took 0.01s
[2018.08.20-19.01.18:759][  0]LogFileCache: Scanning file cache for directory 'D:/Unreal_Engine/BlackScroll/BSLegend 4.20/Content/Collections/' took 0.01s
[2018.08.20-19.01.18:759][  0]LogCollectionManager: Rebuilt the GUID cache for 0 collections in 0.000000 seconds
[2018.08.20-19.01.18:766][  0]LogContentBrowser: Native class hierarchy populated in 0.0070 seconds. Added 2572 classes and 603 folders.
[2018.08.20-19.01.18:770][  0]LogContentBrowser: Native class hierarchy updated for 'WidgetCarousel' in 0.0002 seconds. Added 0 classes and 0 folders.
[2018.08.20-19.01.20:794][  0]LogContentBrowser: Native class hierarchy updated for 'AddContentDialog' in 0.0004 seconds. Added 0 classes and 0 folders.
[2018.08.20-19.01.20:848][  0]LogContentBrowser: Native class hierarchy updated for 'SceneOutliner' in 0.0005 seconds. Added 1 classes and 2 folders.
[2018.08.20-19.01.20:878][  0]LogSlate: Took 0.000241 seconds to synchronously load lazily loaded font '../../../Engine/Content/Slate/Fonts/Roboto-Regular.ttf' (155K)
[2018.08.20-19.01.20:880][  0]LogSlate: Took 0.000164 seconds to synchronously load lazily loaded font '../../../Engine/Content/Slate/Fonts/Roboto-Bold.ttf' (160K)
[2018.08.20-19.01.20:904][  0]LogSlate: Took 0.019994 seconds to synchronously load lazily loaded font '../../../Engine/Content/Editor/Slate/Fonts/FontAwesome.ttf' (139K)
[2018.08.20-19.01.21:295][  0]LogRenderer: Reallocating scene render targets to support 1208x576 Format 10 NumSamples 1 (Frame:1).
[2018.08.20-19.01.21:450][  0]LogSlate: FSceneViewport::OnFocusLost() reason 2
[2018.08.20-19.01.21:580][  0]LogSlate: Window 'Tutorials' being destroyed
[2018.08.20-19.01.21:608][  0]LogContentBrowser: Native class hierarchy updated for 'HierarchicalLODOutliner' in 0.0002 seconds. Added 0 classes and 0 folders.
[2018.08.20-19.01.21:608][  0]LogLoad: (Engine Initialization) Total time: 9.66 seconds
[2018.08.20-19.01.21:608][  0]LogLoad: (Engine Initialization) Total Blueprint compile time: 0.00 seconds
[2018.08.20-19.01.21:618][  0]LogWindowsTextInputMethodSystem: Display: IME system now deactivated.
[2018.08.20-19.01.21:637][  0]LogContentStreaming: Texture pool size now 3000 MB
[2018.08.20-19.01.21:717][  0]LogSlate: Took 0.010693 seconds to synchronously load lazily loaded font '../../../Engine/Content/Slate/Fonts/Roboto-Light.ttf' (167K)
[2018.08.20-19.01.21:847][  1]LogAssetRegistry: Asset discovery search completed in 6.7202 seconds
[2018.08.20-19.01.21:848][  1]LogCollectionManager: Rebuilt the object cache for 0 collections in 0.000000 seconds (found 0 objects)
[2018.08.20-19.01.21:848][  1]LogCollectionManager: Fixed up redirectors for 0 collections in 0.000032 seconds (updated 0 objects)
[2018.08.20-19.02.21:643][142]LogHttp: Warning: 0000027600822700: request failed, libcurl error: 6 (Couldn't resolve host name)
[2018.08.20-19.02.21:643][142]LogHttp: Warning: 0000027600822700: libcurl info message cache 0 (Could not resolve host: datarouter.ol.epicgames.com)
[2018.08.20-19.02.21:643][142]LogHttp: Warning: 0000027600822700: libcurl info message cache 1 (Closing connection 0)
[2018.08.20-19.03.02:407][ 32]LogSlate: FSceneViewport::OnFocusLost() reason 0
[2018.08.20-19.03.02:568][ 51]LogSlate: Took 0.000146 seconds to synchronously load lazily loaded font '../../../Engine/Content/Slate/Fonts/Roboto-Light.ttf' (167K)
[2018.08.20-19.03.05:548][ 51]LogAIModule: Creating AISystem for world ILE1
[2018.08.20-19.03.05:559][ 51]LogAssetEditorManager: Opening Asset editor for World /Game/ILE1.ILE1
[2018.08.20-19.03.05:578][ 51]Cmd: MAP LOAD FILE="../../../../BlackScroll/BSLegend 4.20/Content/ILE1.umap" TEMPLATE=0 SHOWPROGRESS=1 FEATURELEVEL=3
[2018.08.20-19.03.05:579][ 51]LightingResults: New page: Lighting Build
[2018.08.20-19.03.05:579][ 51]LoadErrors: New page: Loading map: ILE1.umap
[2018.08.20-19.03.05:579][ 51]MapCheck: New page: Map Check
[2018.08.20-19.03.05:579][ 51]LightingResults: New page: Lighting Build
[2018.08.20-19.03.05:604][ 51]LogEditorServer: Finished looking for orphan Actors (0.000 secs)
[2018.08.20-19.03.05:638][ 51]Cmd: MAP CHECKDEP NOCLEARLOG
[2018.08.20-19.03.05:687][ 51]MapCheck: Map check complete: 0 Error(s), 0 Warning(s), took 48,937ms to complete.
[2018.08.20-19.03.05:687][ 51]LogFileHelpers: Loading map 'ILE1' took 0.109
[2018.08.20-19.03.26:386][496]LogSlate: FSceneViewport::OnFocusLost() reason 0
[2018.08.20-19.03.26:469][506]LogTemp: Repeating last play command: Selected Viewport
[2018.08.20-19.03.26:479][506]LogPlayLevel: PlayLevel: No blueprints needed recompiling
[2018.08.20-19.03.26:491][506]PIE: New page: PIE session: ILE1 (20 août 2018 23:03:26)
[2018.08.20-19.03.26:491][506]LogPlayLevel: Creating play world package: /Game/UEDPIE_0_ILE1
[2018.08.20-19.03.26:497][506]LogPlayLevel: PIE: StaticDuplicateObject took: (0.005712s)
[2018.08.20-19.03.26:497][506]LogAIModule: Creating AISystem for world ILE1
[2018.08.20-19.03.26:497][506]LogPlayLevel: PIE: World Init took: (0.000607s)
[2018.08.20-19.03.26:497][506]LogPlayLevel: PIE: Created PIE world by copying editor world from /Game/ILE1.ILE1 to /Game/UEDPIE_0_ILE1.ILE1 (0.006463s)
[2018.08.20-19.03.26:521][506]LogInit: XAudio2 using 'PLG2488H (NVIDIA High Definition Audio)' : 2 channels at 48 kHz using 16 bits per sample (channel mask 0x3)
[2018.08.20-19.03.26:528][506]LogInit: FAudioDevice initialized.
[2018.08.20-19.03.26:897][506]LogLoad: Game class is 'ThirdPersonGameMode_C'
[2018.08.20-19.03.26:902][506]LogWorld: Bringing World /Game/UEDPIE_0_ILE1.ILE1 up for play (max tick rate 0) at 2018.08.20-21.03.26
[2018.08.20-19.03.26:902][506]LogWorld: Bringing up level for play took: 0.003919
[2018.08.20-19.03.26:917][506]LogContentBrowser: Native class hierarchy updated for 'MovieSceneCapture' in 0.0002 seconds. Added 10 classes and 0 folders.
[2018.08.20-19.03.26:919][506]PIE: Play in editor start time for /Game/UEDPIE_0_ILE1 -0,315
[2018.08.20-19.03.43:063][426]LogSlate: Updating window title bar state: overlay mode, drag disabled, window buttons hidden, title bar hidden
[2018.08.20-19.03.43:093][426]LogPlayLevel: Display: Shutting down PIE online subsystems
[2018.08.20-19.03.43:113][426]LogSlate: Updating window title bar state: overlay mode, drag disabled, window buttons hidden, title bar hidden
[2018.08.20-19.03.43:164][431]LogPlayLevel: Display: Destroying online subsystem :Context_1
[2018.08.20-19.03.44:786][625]LogSlate: FSceneViewport::OnFocusLost() reason 0
[2018.08.20-19.03.45:719][737]LogTemp: Repeating last play command: Selected Viewport
[2018.08.20-19.03.45:729][737]LogPlayLevel: PlayLevel: No blueprints needed recompiling
[2018.08.20-19.03.45:729][737]PIE: New page: PIE session: ILE1 (20 août 2018 23:03:45)
[2018.08.20-19.03.45:729][737]LogPlayLevel: Creating play world package: /Game/UEDPIE_0_ILE1
[2018.08.20-19.03.45:734][737]LogPlayLevel: PIE: StaticDuplicateObject took: (0.004802s)
[2018.08.20-19.03.45:735][737]LogAIModule: Creating AISystem for world ILE1
[2018.08.20-19.03.45:735][737]LogPlayLevel: PIE: World Init took: (0.000587s)
[2018.08.20-19.03.45:735][737]LogPlayLevel: PIE: Created PIE world by copying editor world from /Game/ILE1.ILE1 to /Game/UEDPIE_0_ILE1.ILE1 (0.005496s)
[2018.08.20-19.03.45:759][737]LogInit: XAudio2 using 'PLG2488H (NVIDIA High Definition Audio)' : 2 channels at 48 kHz using 16 bits per sample (channel mask 0x3)
[2018.08.20-19.03.45:765][737]LogInit: FAudioDevice initialized.
[2018.08.20-19.03.45:793][737]LogLoad: Game class is 'ThirdPersonGameMode_C'
[2018.08.20-19.03.45:797][737]LogWorld: Bringing World /Game/UEDPIE_0_ILE1.ILE1 up for play (max tick rate 0) at 2018.08.20-21.03.45
[2018.08.20-19.03.45:798][737]LogWorld: Bringing up level for play took: 0.003557
[2018.08.20-19.03.45:810][737]PIE: Play in editor start time for /Game/UEDPIE_0_ILE1 0,576
[2018.08.20-19.04.22:248][636]LogHttp: Warning: 0000027618A8EC00: request failed, libcurl error: 6 (Couldn't resolve host name)
[2018.08.20-19.04.22:249][636]LogHttp: Warning: 0000027618A8EC00: libcurl info message cache 0 (Could not resolve host: datarouter.ol.epicgames.com)
[2018.08.20-19.04.22:249][636]LogHttp: Warning: 0000027618A8EC00: libcurl info message cache 1 (Closing connection 1)
[2018.08.20-19.05.53:445][ 59]LogSlate: Updating window title bar state: overlay mode, drag disabled, window buttons hidden, title bar hidden
[2018.08.20-19.05.53:480][ 59]LogPlayLevel: Display: Shutting down PIE online subsystems
[2018.08.20-19.05.53:501][ 59]LogSlate: Updating window title bar state: overlay mode, drag disabled, window buttons hidden, title bar hidden
[2018.08.20-19.05.53:551][ 64]LogPlayLevel: Display: Destroying online subsystem :Context_2
[2018.08.20-19.05.58:112][611]LogSlate: FSceneViewport::OnFocusLost() reason 0
[2018.08.20-19.06.18:631][972]LogSlate: FSceneViewport::OnFocusLost() reason 0
[2018.08.20-19.06.22:286][391]LogHttp: Warning: 0000027618AB0900: request failed, libcurl error: 6 (Couldn't resolve host name)
[2018.08.20-19.06.22:286][391]LogHttp: Warning: 0000027618AB0900: libcurl info message cache 0 (Could not resolve host: datarouter.ol.epicgames.com)
[2018.08.20-19.06.22:286][391]LogHttp: Warning: 0000027618AB0900: libcurl info message cache 1 (Closing connection 2)
[2018.08.20-19.06.23:723][562]LogAssetEditorManager: Opening Asset editor for World /Game/ILE1.ILE1
[2018.08.20-19.06.23:742][562]Cmd: MAP LOAD FILE="../../../../BlackScroll/BSLegend 4.20/Content/ILE1.umap" TEMPLATE=0 SHOWPROGRESS=1 FEATURELEVEL=3
[2018.08.20-19.06.23:743][562]LightingResults: New page: Lighting Build
[2018.08.20-19.06.23:743][562]LoadErrors: New page: Loading map: ILE1.umap
[2018.08.20-19.06.23:744][562]MapCheck: New page: Map Check
[2018.08.20-19.06.23:744][562]LightingResults: New page: Lighting Build
[2018.08.20-19.06.23:806][562]LogAIModule: Creating AISystem for world ILE1
[2018.08.20-19.06.23:812][562]LogEditorServer: Finished looking for orphan Actors (0.000 secs)
[2018.08.20-19.06.23:846][562]Cmd: MAP CHECKDEP NOCLEARLOG
[2018.08.20-19.06.23:899][562]MapCheck: Map check complete: 0 Error(s), 0 Warning(s), took 52,833ms to complete.
[2018.08.20-19.06.23:900][562]LogFileHelpers: Loading map 'ILE1' took 0.159
[2018.08.20-19.06.30:327][328]LogSlate: FSceneViewport::OnFocusLost() reason 2
[2018.08.20-19.06.40:467][418]LogSlate: Prevented a slow task dialog from being summoned while a context menu was open
[2018.08.20-19.06.40:467][418]LogAssetEditorManager: Opening Asset editor for Blueprint /Game/StarterContent/Blueprints/Blueprint_Effect_Fire.Blueprint_Effect_Fire
[2018.08.20-19.06.41:127][418]LogContentBrowser: Native class hierarchy updated for 'BlueprintGraph' in 0.0006 seconds. Added 116 classes and 0 folders.
[2018.08.20-19.06.41:987][418]LogEditorViewport: Clicking on Actor (LMB): InstancedFoliageActor (InstancedFoliageActor)
[2018.08.20-19.06.42:040][418]LogEditorViewport: Clicking on Actor (double click): InstancedFoliageActor (InstancedFoliageActor)
[2018.08.20-19.06.42:227][418]LogSlate: Took 0.020843 seconds to synchronously load lazily loaded font '../../../Engine/Content/Slate/Fonts/Roboto-BoldCondensed.ttf' (158K)
[2018.08.20-19.06.44:660][689]LogSlate: FSceneViewport::OnFocusLost() reason 0
[2018.08.20-19.07.18:440][695]LogSlate: Took 0.387693 seconds to synchronously load lazily loaded font '../../../Engine/Content/Slate/Fonts/Roboto-Italic.ttf' (157K)
[2018.08.20-19.07.24:064][341]LogSlate: FSceneViewport::OnFocusLost() reason 0
[2018.08.20-19.07.35:952][765]LogSlate: Window 'Blueprint_Effect_Fire' being destroyed
[2018.08.20-19.07.36:546][829]LogSlate: FSceneViewport::OnFocusLost() reason 2
[2018.08.20-19.07.42:260][489]LogSlate: Prevented a slow task dialog from being summoned while a context menu was open
[2018.08.20-19.07.42:260][489]LogAssetEditorManager: Opening Asset editor for Blueprint /Game/Character/BP/panneau_BP.panneau_BP
[2018.08.20-19.07.42:479][489]LogEditorViewport: Clicking on Actor (LMB): InstancedFoliageActor (InstancedFoliageActor)
[2018.08.20-19.07.46:606][969]LogSlate: FSceneViewport::OnFocusLost() reason 0
[2018.08.20-19.08.22:314][230]LogHttp: Warning: 00000276831B87C0: request failed, libcurl error: 6 (Couldn't resolve host name)
[2018.08.20-19.08.22:314][230]LogHttp: Warning: 00000276831B87C0: libcurl info message cache 0 (Could not resolve host: datarouter.ol.epicgames.com)
[2018.08.20-19.08.22:314][230]LogHttp: Warning: 00000276831B87C0: libcurl info message cache 1 (Closing connection 3)
[2018.08.20-19.08.41:330][503]LogTemp: Repeating last play command: Selected Viewport
[2018.08.20-19.08.41:347][503]LogPlayLevel: PlayLevel: No blueprints needed recompiling
[2018.08.20-19.08.41:348][503]PIE: New page: PIE session: ILE1 (20 août 2018 23:08:41)
[2018.08.20-19.08.41:348][503]LogPlayLevel: Creating play world package: /Game/UEDPIE_0_ILE1
[2018.08.20-19.08.41:354][503]LogPlayLevel: PIE: StaticDuplicateObject took: (0.005920s)
[2018.08.20-19.08.41:354][503]LogAIModule: Creating AISystem for world ILE1
[2018.08.20-19.08.41:355][503]LogPlayLevel: PIE: World Init took: (0.000887s)
[2018.08.20-19.08.41:355][503]LogPlayLevel: PIE: Created PIE world by copying editor world from /Game/ILE1.ILE1 to /Game/UEDPIE_0_ILE1.ILE1 (0.006943s)
[2018.08.20-19.08.41:386][503]LogInit: XAudio2 using 'PLG2488H (NVIDIA High Definition Audio)' : 2 channels at 48 kHz using 16 bits per sample (channel mask 0x3)
[2018.08.20-19.08.41:393][503]LogInit: FAudioDevice initialized.
[2018.08.20-19.08.41:425][503]LogLoad: Game class is 'ThirdPersonGameMode_C'
[2018.08.20-19.08.41:429][503]LogWorld: Bringing World /Game/UEDPIE_0_ILE1.ILE1 up for play (max tick rate 0) at 2018.08.20-21.08.41
[2018.08.20-19.08.41:430][503]LogWorld: Bringing up level for play took: 0.003884
[2018.08.20-19.08.41:448][503]PIE: Play in editor start time for /Game/UEDPIE_0_ILE1 0,214
[2018.08.20-19.08.42:733][654]LogSlate: FSceneViewport::OnFocusLost() reason 0
[2018.08.20-19.08.48:517][343]LogSlate: Updating window title bar state: overlay mode, drag disabled, window buttons hidden, title bar hidden
[2018.08.20-19.08.48:553][343]LogPlayLevel: Display: Shutting down PIE online subsystems
[2018.08.20-19.08.48:575][343]LogSlate: Updating window title bar state: overlay mode, drag disabled, window buttons hidden, title bar hidden
[2018.08.20-19.08.48:620][346]LogPlayLevel: Display: Destroying online subsystem :Context_10
[2018.08.20-19.08.51:364][607]LogSlate: Window 'Tutorials' being destroyed
[2018.08.20-19.08.52:466][738]LogSlate: FSceneViewport::OnFocusLost() reason 0
[2018.08.20-19.09.26:907][750]LogSlate: Window 'Tutorials' being destroyed
[2018.08.20-19.09.26:914][750]LogSlate: FSceneViewport::OnFocusLost() reason 2
[2018.08.20-19.09.26:920][750]LogSlate: Window 'Tutorials' being destroyed
[2018.08.20-19.09.32:107][371]LogSlate: FSceneViewport::OnFocusLost() reason 0
[2018.08.20-19.09.34:934][700]LogSlate: Window 'panneau_BP*' being destroyed
[2018.08.20-19.09.34:937][700]LogSlate: Window 'panneau_BP*' being destroyed
[2018.08.20-19.09.39:727][267]LogSlate: FSceneViewport::OnFocusLost() reason 2
[2018.08.20-19.09.51:928][726]LogSlate: Prevented a slow task dialog from being summoned while a context menu was open
[2018.08.20-19.09.51:928][726]LogAssetEditorManager: Opening Asset editor for Blueprint /Game/ThirdPersonBP/ThirdPersonOverview.ThirdPersonOverview
[2018.08.20-19.09.54:639][  4]LogSlate: Window 'ThirdPersonOverview' being destroyed
[2018.08.20-19.09.54:642][  4]LogSlate: Window 'ThirdPersonOverview' being destroyed
[2018.08.20-19.10.09:539][783]LogSlate: Prevented a slow task dialog from being summoned while a context menu was open
[2018.08.20-19.10.09:539][783]LogAssetEditorManager: Opening Asset editor for Blueprint /Game/ThirdPersonBP/Blueprints/ThirdPersonCharacter.ThirdPersonCharacter
[2018.08.20-19.10.22:350][175]LogHttp: Warning: 00000276187F7C40: request failed, libcurl error: 6 (Couldn't resolve host name)
[2018.08.20-19.10.22:351][175]LogHttp: Warning: 00000276187F7C40: libcurl info message cache 0 (Could not resolve host: datarouter.ol.epicgames.com)
[2018.08.20-19.10.22:351][175]LogHttp: Warning: 00000276187F7C40: libcurl info message cache 1 (Closing connection 4)
[2018.08.20-19.10.37:764][811]LogSlate: Window 'ThirdPersonCharacter' being destroyed
[2018.08.20-19.10.37:766][811]LogSlate: Window 'ThirdPersonCharacter' being destroyed
[2018.08.20-19.10.39:436][  4]LogSlate: FSceneViewport::OnFocusLost() reason 0
[2018.08.20-19.10.39:553][ 18]LogTemp: Repeating last play command: Selected Viewport
[2018.08.20-19.10.39:566][ 18]LogPlayLevel: PlayLevel: No blueprints needed recompiling
[2018.08.20-19.10.39:566][ 18]PIE: New page: PIE session: ILE1 (20 août 2018 23:10:39)
[2018.08.20-19.10.39:566][ 18]LogPlayLevel: Creating play world package: /Game/UEDPIE_0_ILE1
[2018.08.20-19.10.39:571][ 18]LogPlayLevel: PIE: StaticDuplicateObject took: (0.004974s)
[2018.08.20-19.10.39:571][ 18]LogAIModule: Creating AISystem for world ILE1
[2018.08.20-19.10.39:571][ 18]LogPlayLevel: PIE: World Init took: (0.000601s)
[2018.08.20-19.10.39:571][ 18]LogPlayLevel: PIE: Created PIE world by copying editor world from /Game/ILE1.ILE1 to /Game/UEDPIE_0_ILE1.ILE1 (0.005681s)
[2018.08.20-19.10.39:601][ 18]LogInit: XAudio2 using 'PLG2488H (NVIDIA High Definition Audio)' : 2 channels at 48 kHz using 16 bits per sample (channel mask 0x3)
[2018.08.20-19.10.39:608][ 18]LogInit: FAudioDevice initialized.
[2018.08.20-19.10.39:636][ 18]LogLoad: Game class is 'ThirdPersonGameMode_C'
[2018.08.20-19.10.39:640][ 18]LogWorld: Bringing World /Game/UEDPIE_0_ILE1.ILE1 up for play (max tick rate 0) at 2018.08.20-21.10.39
[2018.08.20-19.10.39:641][ 18]LogWorld: Bringing up level for play took: 0.003521
[2018.08.20-19.10.39:654][ 18]PIE: Play in editor start time for /Game/UEDPIE_0_ILE1 0,419
[2018.08.20-19.10.49:217][163]LogSlate: Updating window title bar state: overlay mode, drag disabled, window buttons hidden, title bar hidden
[2018.08.20-19.10.49:251][163]LogPlayLevel: Display: Shutting down PIE online subsystems
[2018.08.20-19.10.49:273][163]LogSlate: Updating window title bar state: overlay mode, drag disabled, window buttons hidden, title bar hidden
[2018.08.20-19.10.49:323][168]LogPlayLevel: Display: Destroying online subsystem :Context_14
[2018.08.20-19.10.50:275][281]LogSlate: FSceneViewport::OnFocusLost() reason 2
[2018.08.20-19.10.52:575][544]LogSlate: Prevented a slow task dialog from being summoned while a context menu was open
[2018.08.20-19.10.52:575][544]LogAssetEditorManager: Opening Asset editor for Blueprint /Game/ThirdPersonBP/Blueprints/ThirdPersonGameMode.ThirdPersonGameMode
[2018.08.20-19.10.56:954][ 43]LogSlate: Window 'ThirdPersonGameMode' being destroyed
[2018.08.20-19.10.56:957][ 43]LogSlate: Window 'ThirdPersonGameMode' being destroyed
[2018.08.20-19.10.58:264][193]LogSlate: FSceneViewport::OnFocusLost() reason 2
[2018.08.20-19.11.00:682][460]LogSlate: Prevented a slow task dialog from being summoned while a context menu was open
[2018.08.20-19.11.00:682][460]LogAssetEditorManager: Opening Asset editor for Blueprint /Game/ThirdPersonBP/Blueprints/ThirdPersonCharacter.ThirdPersonCharacter
[2018.08.20-19.12.22:391][986]LogHttp: Warning: 000002764AD73740: request failed, libcurl error: 6 (Couldn't resolve host name)
[2018.08.20-19.12.22:391][986]LogHttp: Warning: 000002764AD73740: libcurl info message cache 0 (Could not resolve host: datarouter.ol.epicgames.com)
[2018.08.20-19.12.22:391][986]LogHttp: Warning: 000002764AD73740: libcurl info message cache 1 (Closing connection 5)
[2018.08.20-19.13.25:765][279]LogSlate: Window 'ThirdPersonCharacter*' being destroyed
[2018.08.20-19.13.25:769][279]LogSlate: Window 'ThirdPersonCharacter*' being destroyed
[2018.08.20-19.14.22:418][ 67]LogHttp: Warning: 0000027618A6F740: request failed, libcurl error: 6 (Couldn't resolve host name)
[2018.08.20-19.14.22:418][ 67]LogHttp: Warning: 0000027618A6F740: libcurl info message cache 0 (Could not resolve host: datarouter.ol.epicgames.com)
[2018.08.20-19.14.22:418][ 67]LogHttp: Warning: 0000027618A6F740: libcurl info message cache 1 (Closing connection 6)
[2018.08.20-19.14.31:370][111]LogEditorViewport: Clicking on Actor (LMB): DirectionalLight (DirectionalLight)
[2018.08.20-19.14.31:861][128]LogSlate: FSceneViewport::OnFocusLost() reason 0
[2018.08.20-19.14.33:613][142]LogSlate: Window 'Save Content' being destroyed
[2018.08.20-19.14.33:656][142]LogSlate: Window 'BsLegend - Unreal Editor' being destroyed
[2018.08.20-19.14.33:816][143]Cmd: QUIT_EDITOR
[2018.08.20-19.14.34:089][143]LogWindowsTextInputMethodSystem: Display: IME system now deactivated.
[2018.08.20-19.14.34:100][143]LogExit: Preparing to exit.
[2018.08.20-19.14.34:968][143]LogExit: Editor shut down
[2018.08.20-19.14.34:968][143]LogExit: Transaction tracking system shut down
[2018.08.20-19.14.35:764][143]LogExit: Object subsystem successfully closed.
[2018.08.20-19.14.35:778][143]LogShaderCompilers: Display: Shaders left to compile 0
[2018.08.20-19.14.35:781][143]LogD3D11RHI: Shutdown
[2018.08.20-19.14.35:781][143]LogD3D11RHI: CleanupD3DDevice
[2018.08.20-19.14.35:783][143]LogD3D11RHI: ~FD3D11DynamicRHI
[2018.08.20-19.14.35:791][143]LogModuleManager: Shutting down and abandoning module BlueprintGraph (616)
[2018.08.20-19.14.35:791][143]LogModuleManager: Shutting down and abandoning module MovieSceneCapture (614)
[2018.08.20-19.14.35:791][143]LogModuleManager: Shutting down and abandoning module Voice (612)
[2018.08.20-19.14.35:791][143]LogModuleManager: Shutting down and abandoning module HierarchicalLODOutliner (610)
[2018.08.20-19.14.35:791][143]LogModuleManager: Shutting down and abandoning module SceneOutliner (608)
[2018.08.20-19.14.35:791][143]LogModuleManager: Shutting down and abandoning module AddContentDialog (606)
[2018.08.20-19.14.35:792][143]LogModuleManager: Shutting down and abandoning module WidgetCarousel (605)
[2018.08.20-19.14.35:792][143]LogModuleManager: Shutting down and abandoning module EditorWidgets (602)
[2018.08.20-19.14.35:792][143]LogModuleManager: Shutting down and abandoning module CollectionManager (600)
[2018.08.20-19.14.35:792][143]LogModuleManager: Shutting down and abandoning module StatsViewer (598)
[2018.08.20-19.14.35:792][143]LogModuleManager: Shutting down and abandoning module FoliageEdit (596)
[2018.08.20-19.14.35:792][143]LogModuleManager: Shutting down and abandoning module LandscapeEditor (594)
[2018.08.20-19.14.35:792][143]LogModuleManager: Shutting down and abandoning module MeshPaintMode (592)
[2018.08.20-19.14.35:792][143]LogModuleManager: Shutting down and abandoning module SceneDepthPickerMode (590)
[2018.08.20-19.14.35:792][143]LogModuleManager: Shutting down and abandoning module ActorPickerMode (588)
[2018.08.20-19.14.35:792][143]LogModuleManager: Shutting down and abandoning module GeometryMode (586)
[2018.08.20-19.14.35:792][143]LogModuleManager: Shutting down and abandoning module TextureAlignMode (584)
[2018.08.20-19.14.35:792][143]LogModuleManager: Shutting down and abandoning module BspMode (582)
[2018.08.20-19.14.35:792][143]LogModuleManager: Shutting down and abandoning module PIEPreviewDeviceProfileSelector (580)
[2018.08.20-19.14.35:792][143]LogModuleManager: Shutting down and abandoning module SequenceRecorderSections (578)
[2018.08.20-19.14.35:792][143]LogModuleManager: Shutting down and abandoning module AutomationWorker (576)
[2018.08.20-19.14.35:792][143]LogModuleManager: Shutting down and abandoning module AudioCaptureEditor (574)
[2018.08.20-19.14.35:792][143]LogModuleManager: Shutting down and abandoning module SequenceRecorder (573)
[2018.08.20-19.14.35:792][143]LogModuleManager: Shutting down and abandoning module MatineeToLevelSequence (570)
[2018.08.20-19.14.35:792][143]LogModuleManager: Shutting down and abandoning module LevelSequenceEditor (568)
[2018.08.20-19.14.35:792][143]LogModuleManager: Shutting down and abandoning module PlacementMode (567)
[2018.08.20-19.14.35:792][143]LogModuleManager: Shutting down and abandoning module MaterialEditor (566)
[2018.08.20-19.14.35:792][143]LogModuleManager: Shutting down and abandoning module WmfMediaFactory (562)
[2018.08.20-19.14.35:792][143]LogModuleManager: Shutting down and abandoning module WmfMediaEditor (560)
[2018.08.20-19.14.35:792][143]LogModuleManager: Shutting down and abandoning module MediaPlayerEditor (558)
[2018.08.20-19.14.35:792][143]LogModuleManager: Shutting down and abandoning module OpenExrWrapper (556)
[2018.08.20-19.14.35:792][143]LogModuleManager: Shutting down and abandoning module ImgMediaFactory (554)
[2018.08.20-19.14.35:792][143]LogModuleManager: Shutting down and abandoning module ImgMediaEditor (552)
[2018.08.20-19.14.35:792][143]LogModuleManager: Shutting down and abandoning module AvfMediaFactory (550)
[2018.08.20-19.14.35:792][143]LogModuleManager: Shutting down and abandoning module AvfMediaEditor (548)
[2018.08.20-19.14.35:792][143]LogModuleManager: Shutting down and abandoning module AndroidMediaFactory (546)
[2018.08.20-19.14.35:792][143]LogModuleManager: Shutting down and abandoning module AndroidMediaEditor (544)
[2018.08.20-19.14.35:792][143]LogModuleManager: Shutting down and abandoning module MagicLeapCameraPreviewFactory (542)
[2018.08.20-19.14.35:793][143]LogModuleManager: Shutting down and abandoning module MagicLeapMediaFactory (540)
[2018.08.20-19.14.35:793][143]LogModuleManager: Shutting down and abandoning module MagicLeapMediaEditor (538)
[2018.08.20-19.14.35:793][143]LogModuleManager: Shutting down and abandoning module CharacterAI (536)
[2018.08.20-19.14.35:793][143]LogModuleManager: Shutting down and abandoning module SmartSnapping (534)
[2018.08.20-19.14.35:793][143]LogModuleManager: Shutting down and abandoning module SessionServices (532)
[2018.08.20-19.14.35:793][143]LogModuleManager: Shutting down and abandoning module ViewportSnapping (530)
[2018.08.20-19.14.35:793][143]LogModuleManager: Shutting down and abandoning module ViewportInteraction (528)
[2018.08.20-19.14.35:793][143]LogModuleManager: Shutting down and abandoning module ClothPainter (526)
[2018.08.20-19.14.35:793][143]LogModuleManager: Shutting down and abandoning module SkeletalMeshEditor (525)
[2018.08.20-19.14.35:793][143]LogModuleManager: Shutting down and abandoning module LogVisualizer (522)
[2018.08.20-19.14.35:793][143]LogModuleManager: Shutting down and abandoning module IntroTutorials (520)
[2018.08.20-19.14.35:793][143]LogModuleManager: Shutting down and abandoning module GameProjectGeneration (519)
[2018.08.20-19.14.35:793][143]LogModuleManager: Shutting down and abandoning module LuminPlatformEditor (516)
[2018.08.20-19.14.35:793][143]LogModuleManager: Shutting down and abandoning module IOSPlatformEditor (514)
[2018.08.20-19.14.35:793][143]LogModuleManager: Shutting down and abandoning module HTML5PlatformEditor (512)
[2018.08.20-19.14.35:793][143]LogModuleManager: Shutting down and abandoning module AndroidPlatformEditor (510)
[2018.08.20-19.14.35:793][143]LogModuleManager: Shutting down and abandoning module AndroidDeviceDetection (509)
[2018.08.20-19.14.36:665][143]LogModuleManager: Shutting down and abandoning module WindowsPlatformEditor (506)
[2018.08.20-19.14.36:665][143]LogModuleManager: Shutting down and abandoning module LuminRuntimeSettings (504)
[2018.08.20-19.14.36:665][143]LogModuleManager: Shutting down and abandoning module IOSRuntimeSettings (502)
[2018.08.20-19.14.36:665][143]LogModuleManager: Shutting down and abandoning module AndroidRuntimeSettings (500)
[2018.08.20-19.14.36:665][143]LogModuleManager: Shutting down and abandoning module InputBindingEditor (498)
[2018.08.20-19.14.36:665][143]LogModuleManager: Shutting down and abandoning module MergeActors (496)
[2018.08.20-19.14.36:665][143]LogModuleManager: Shutting down and abandoning module LocalizationDashboard (494)
[2018.08.20-19.14.36:665][143]LogModuleManager: Shutting down and abandoning module LocalizationService (493)
[2018.08.20-19.14.36:665][143]LogModuleManager: Shutting down and abandoning module HardwareTargeting (490)
[2018.08.20-19.14.36:665][143]LogModuleManager: Shutting down and abandoning module DeviceProfileEditor (488)
[2018.08.20-19.14.36:665][143]LogModuleManager: Shutting down and abandoning module UndoHistory (486)
[2018.08.20-19.14.36:665][143]LogModuleManager: Shutting down and abandoning module XmlParser (484)
[2018.08.20-19.14.36:665][143]LogModuleManager: Shutting down and abandoning module Blutility (482)
[2018.08.20-19.14.36:665][143]LogModuleManager: Shutting down and abandoning module ProjectSettingsViewer (480)
[2018.08.20-19.14.36:665][143]LogModuleManager: Shutting down and abandoning module ProjectTargetPlatformEditor (479)
[2018.08.20-19.14.36:665][143]LogModuleManager: Shutting down and abandoning module EditorSettingsViewer (476)
[2018.08.20-19.14.36:665][143]LogModuleManager: Shutting down and abandoning module SettingsEditor (474)
[2018.08.20-19.14.36:665][143]LogModuleManager: Shutting down and abandoning module ProjectLauncher (472)
[2018.08.20-19.14.36:666][143]LogModuleManager: Shutting down and abandoning module SessionFrontend (470)
[2018.08.20-19.14.36:666][143]LogModuleManager: Shutting down and abandoning module ProfilerClient (468)
[2018.08.20-19.14.36:666][143]LogModuleManager: Shutting down and abandoning module DeviceManager (466)
[2018.08.20-19.14.36:666][143]LogModuleManager: Shutting down and abandoning module TargetDeviceServices (465)
[2018.08.20-19.14.36:719][143]LogModuleManager: Shutting down and abandoning module AutomationController (462)
[2018.08.20-19.14.36:719][143]LogModuleManager: Shutting down and abandoning module AutomationWindow (460)
[2018.08.20-19.14.36:719][143]LogModuleManager: Shutting down and abandoning module Layers (458)
[2018.08.20-19.14.36:719][143]LogModuleManager: Shutting down and abandoning module ComponentVisualizers (456)
[2018.08.20-19.14.36:719][143]LogModuleManager: Shutting down and abandoning module DetailCustomizations (454)
[2018.08.20-19.14.36:720][143]LogModuleManager: Shutting down and abandoning module PackagesDialog (452)
[2018.08.20-19.14.36:720][143]LogModuleManager: Shutting down and abandoning module Persona (450)
[2018.08.20-19.14.36:720][143]LogModuleManager: Shutting down and abandoning module AdvancedPreviewScene (449)
[2018.08.20-19.14.36:720][143]LogModuleManager: Shutting down and abandoning module AnimGraph (447)
[2018.08.20-19.14.36:720][143]LogModuleManager: Shutting down and abandoning module Kismet (444)
[2018.08.20-19.14.36:724][143]LogModuleManager: Shutting down and abandoning module GraphEditor (442)
[2018.08.20-19.14.36:724][143]LogModuleManager: Shutting down and abandoning module ClassViewer (440)
[2018.08.20-19.14.36:724][143]LogModuleManager: Shutting down and abandoning module Toolbox (438)
[2018.08.20-19.14.36:724][143]LogModuleManager: Shutting down and abandoning module ModuleUI (436)
[2018.08.20-19.14.36:724][143]LogModuleManager: Shutting down and abandoning module MovieSceneTools (434)
[2018.08.20-19.14.36:725][143]LogModuleManager: Shutting down and abandoning module OutputLog (432)
[2018.08.20-19.14.36:725][1